<?xml version="1.0" encoding="utf-8"?><testsuites name="pytest tests"><testsuite name="pytest" errors="0" failures="0" skipped="0" tests="207" time="32.182" timestamp="2026-09-13T03:14:26.996748+00:00" hostname="flybrain-synaptic-temporary"><testcase classname="tests.test_api" name="test_offline_and_resting_brain" time="0.004" /><testcase classname="tests.test_api" name="test_sensory_to_motor_routing[food-active0]" time="0.004" /><testcase classname="tests.test_api" name="test_sensory_to_motor_routing[looming_left-active1]" time="0.003" /><testcase classname="tests.test_api" name="test_sensory_to_motor_routing[looming_right-active2]" time="0.003" /><testcase classname="tests.test_api" name="test_sensory_to_motor_routing[touch-active3]" time="0.003" /><testcase classname="tests.test_api" name="test_chunking_equivalence" time="0.008" /><testcase classname="tests.test_api" name="test_nondefault_dt_and_clear_stimuli" time="0.001" /><testcase classname="tests.test_api" name="test_wasm_slot_fails_explicitly" time="0.001" /><testcase classname="tests.test_api" name="test_unknown_backend_and_raw_model" time="0.001" /><testcase classname="tests.test_api" name="test_reject_bad_step_counts[0]" time="0.001" /><testcase classname="tests.test_api" name="test_reject_bad_step_counts[-1]" time="0.001" /><testcase classname="tests.test_api" name="test_reject_bad_step_counts[True]" time="0.001" /><testcase classname="tests.test_api" name="test_reject_bad_step_counts[1.5]" time="0.000" /><testcase classname="tests.test_api" name="test_reject_invalid_stimuli[kwargs0]" time="0.000" /><testcase classname="tests.test_api" name="test_reject_invalid_stimuli[kwargs1]" time="0.001" /><testcase classname="tests.test_api" name="test_reject_invalid_stimuli[kwargs2]" time="0.001" /><testcase classname="tests.test_api" name="test_reject_invalid_stimuli[kwargs3]" time="0.000" /><testcase classname="tests.test_api" name="test_reject_invalid_stimuli[kwargs4]" time="0.001" /><testcase classname="tests.test_api" name="test_reject_invalid_stimuli[kwargs5]" time="0.000" /><testcase classname="tests.test_api" name="test_reject_invalid_config[kwargs0]" time="0.000" /><testcase classname="tests.test_api" name="test_reject_invalid_config[kwargs1]" time="0.000" /><testcase classname="tests.test_api" name="test_reject_invalid_config[kwargs2]" time="0.000" /><testcase classname="tests.test_api" name="test_reject_invalid_config[kwargs3]" time="0.000" /><testcase classname="tests.test_api" name="test_reject_invalid_config[kwargs4]" time="0.000" /><testcase classname="tests.test_api" name="test_reject_invalid_config[kwargs5]" time="0.000" /><testcase classname="tests.test_api" name="test_reject_invalid_config[kwargs6]" time="0.000" /><testcase classname="tests.test_api" name="test_local_model_and_large_ids" time="0.004" /><testcase classname="tests.test_api" name="test_model_rejects_duplicate_ids_and_dangling_edges" time="0.001" /><testcase classname="tests.test_api" name="test_model_ports_and_observation_are_immutable" time="0.001" /><testcase classname="tests.test_api" name="test_quickstart_runs" time="0.142" /><testcase classname="tests.test_checkpoint" name="test_exact_continuation_with_active_overlapping_inputs[0.5]" time="0.034" /><testcase classname="tests.test_checkpoint" name="test_exact_continuation_with_active_overlapping_inputs[1.0]" time="0.026" /><testcase classname="tests.test_checkpoint" name="test_exact_continuation_with_active_overlapping_inputs[2.0]" time="0.018" /><testcase classname="tests.test_checkpoint" name="test_checkpoint_is_self_contained" time="0.008" /><testcase classname="tests.test_checkpoint" name="test_corrupt_checkpoint_rejected[&lt;lambda&gt;0]" time="0.002" /><testcase classname="tests.test_checkpoint" name="test_corrupt_checkpoint_rejected[&lt;lambda&gt;1]" time="0.002" /><testcase classname="tests.test_checkpoint" name="test_corrupt_checkpoint_rejected[&lt;lambda&gt;2]" time="0.002" /><testcase classname="tests.test_checkpoint" name="test_corrupt_checkpoint_rejected[&lt;lambda&gt;3]" time="0.002" /><testcase classname="tests.test_checkpoint" name="test_corrupt_checkpoint_rejected[&lt;lambda&gt;4]" time="0.002" /><testcase classname="tests.test_checkpoint" name="test_corrupt_checkpoint_rejected[&lt;lambda&gt;5]" time="0.002" /><testcase classname="tests.test_checkpoint" name="test_corrupt_checkpoint_rejected[&lt;lambda&gt;6]" time="0.002" /><testcase classname="tests.test_checkpoint" name="test_corrupt_checkpoint_rejected[&lt;lambda&gt;7]" time="0.002" /><testcase classname="tests.test_checkpoint" name="test_corrupt_checkpoint_rejected[&lt;lambda&gt;8]" time="0.002" /><testcase classname="tests.test_checkpoint" name="test_corrupt_checkpoint_rejected[&lt;lambda&gt;9]" time="0.002" /><testcase classname="tests.test_checkpoint" name="test_corrupt_checkpoint_rejected[&lt;lambda&gt;10]" time="0.002" /><testcase classname="tests.test_checkpoint" name="test_malformed_json_and_missing_file" time="0.001" /><testcase classname="tests.test_cpu" name="test_exact_subthreshold_solution" time="0.001" /><testcase classname="tests.test_cpu" name="test_reset_and_refractory_hold_exact_tick_count" time="0.001" /><testcase classname="tests.test_cpu" name="test_previous_tick_spikes_and_parallel_edge_accumulation" time="0.000" /><testcase classname="tests.test_cpu" name="test_inhibitory_synapse_reduces_voltage" time="0.000" /><testcase classname="tests.test_cpu" name="test_rate_filter_is_in_hz" time="0.000" /><testcase classname="tests.test_cpu" name="test_bad_current_does_not_advance_backend[current0]" time="0.000" /><testcase classname="tests.test_cpu" name="test_bad_current_does_not_advance_backend[current1]" time="0.000" /><testcase classname="tests.test_cpu" name="test_bad_current_does_not_advance_backend[current2]" time="0.000" /><testcase classname="tests.test_cuda_hardware" name="test_every_cell_tick_matches_cpu[0.5-toy]" time="0.312" /><testcase classname="tests.test_cuda_hardware" name="test_every_cell_tick_matches_cpu[0.5-real]" time="0.271" /><testcase classname="tests.test_cuda_hardware" name="test_every_cell_tick_matches_cpu[0.5-parallel-inhibitory]" time="0.121" /><testcase classname="tests.test_cuda_hardware" name="test_every_cell_tick_matches_cpu[1.0-toy]" time="0.088" /><testcase classname="tests.test_cuda_hardware" name="test_every_cell_tick_matches_cpu[1.0-real]" time="0.272" /><testcase classname="tests.test_cuda_hardware" name="test_every_cell_tick_matches_cpu[1.0-parallel-inhibitory]" time="0.122" /><testcase classname="tests.test_cuda_hardware" name="test_pending_inputs_and_custom_readout_cross_device" time="0.107" /><testcase classname="tests.test_cuda_hardware" name="test_invalid_tick_and_restore_leave_state_unchanged" time="0.002" /><testcase classname="tests.test_cuda_hardware" name="test_selected_observation_is_detached" time="0.002" /><testcase classname="tests.test_cuda_hardware" name="test_backend_owns_stream_ordering" time="0.008" /><testcase classname="tests.test_cuda_hardware" name="test_feedback_sessions_and_external_cross_device_restore[toy]" time="0.312" /><testcase classname="tests.test_cuda_hardware" name="test_feedback_sessions_and_external_cross_device_restore[model1]" time="2.173" /><testcase classname="tests.test_cuda_optional" name="test_cpu_import_does_not_import_cupy" time="0.123" /><testcase classname="tests.test_cuda_optional" name="test_missing_cupy_has_actionable_error" time="0.001" /><testcase classname="tests.test_experiment" name="test_browser_recording_replays_offline[toy]" time="0.010" /><testcase classname="tests.test_experiment" name="test_browser_recording_replays_offline[male-cns-escape-v1]" time="0.466" /><testcase classname="tests.test_experiment" name="test_bad_recording_is_rejected[&lt;lambda&gt;0]" time="0.001" /><testcase classname="tests.test_experiment" name="test_bad_recording_is_rejected[&lt;lambda&gt;1]" time="0.001" /><testcase classname="tests.test_experiment" name="test_bad_recording_is_rejected[&lt;lambda&gt;2]" time="0.001" /><testcase classname="tests.test_experiment" name="test_bad_recording_is_rejected[&lt;lambda&gt;3]" time="0.000" /><testcase classname="tests.test_experiment" name="test_bad_recording_is_rejected[&lt;lambda&gt;4]" time="0.000" /><testcase classname="tests.test_experiment" name="test_bad_recording_is_rejected[&lt;lambda&gt;5]" time="0.001" /><testcase classname="tests.test_experiment" name="test_bad_recording_is_rejected[&lt;lambda&gt;6]" time="0.001" /><testcase classname="tests.test_experiment" name="test_bad_recording_is_rejected[&lt;lambda&gt;7]" time="0.000" /><testcase classname="tests.test_experiment" name="test_bad_recording_is_rejected[&lt;lambda&gt;8]" time="0.001" /><testcase classname="tests.test_experiment" name="test_bad_recording_is_rejected[&lt;lambda&gt;9]" time="0.001" /><testcase classname="tests.test_experiment" name="test_bad_recording_is_rejected[&lt;lambda&gt;10]" time="0.004" /><testcase classname="tests.test_experiment" name="test_bad_recording_is_rejected[&lt;lambda&gt;11]" time="0.004" /><testcase classname="tests.test_experiment" name="test_bad_recording_is_rejected[&lt;lambda&gt;12]" time="0.004" /><testcase classname="tests.test_experiment" name="test_bad_recording_is_rejected[&lt;lambda&gt;13]" time="0.004" /><testcase classname="tests.test_experiment" name="test_bad_recording_is_rejected[&lt;lambda&gt;14]" time="0.004" /><testcase classname="tests.test_external" name="test_external_world_matches_session_and_continues_checkpoint[toy]" time="0.221" /><testcase classname="tests.test_external" name="test_external_world_matches_session_and_continues_checkpoint[model1]" time="12.317" /><testcase classname="tests.test_external" name="test_protocol_rejects_conflicts_without_changing_neural_time" time="0.002" /><testcase classname="tests.test_external" name="test_bad_observation_and_clock_do_not_advance" time="0.001" /><testcase classname="tests.test_external" name="test_failure_after_integration_requires_restore" time="0.002" /><testcase classname="tests.test_external" name="test_checkpoint_clock_validation[next_seq-10]" time="0.001" /><testcase classname="tests.test_external" name="test_checkpoint_clock_validation[base_tick-True]" time="0.001" /><testcase classname="tests.test_external" name="test_checkpoint_clock_validation[schema_version-True]" time="0.001" /><testcase classname="tests.test_fullbrain_ids" name="test_mixed_integer_dtypes_preserve_neighboring_large_ids" time="0.000" /><testcase classname="tests.test_fullbrain_ids" name="test_unknown_large_id_is_not_rounded_to_an_existing_id[720575940600000003]" time="0.000" /><testcase classname="tests.test_fullbrain_ids" name="test_unknown_large_id_is_not_rounded_to_an_existing_id[720575940600000101]" time="0.000" /><testcase classname="tests.test_fullbrain_ids" name="test_float_ids_are_rejected" time="0.000" /><testcase classname="tests.test_fullbrain_ids" name="test_invalid_physical_contact_scale_rejected_before_data_io[0]" time="0.001" /><testcase classname="tests.test_fullbrain_ids" name="test_invalid_physical_contact_scale_rejected_before_data_io[-1]" time="0.001" /><testcase classname="tests.test_fullbrain_ids" name="test_invalid_physical_contact_scale_rejected_before_data_io[True]" time="0.001" /><testcase classname="tests.test_fullbrain_ids" name="test_invalid_physical_contact_scale_rejected_before_data_io[inf]" time="0.001" /><testcase classname="tests.test_fullbrain_ids" name="test_invalid_physical_contact_scale_rejected_before_data_io[nan]" time="0.001" /><testcase classname="tests.test_godot_bridge" name="test_transport_ownership_retries_and_opaque_checkpoint" time="0.530" /><testcase classname="tests.test_godot_bridge" name="test_bridge_pins_selected_backend_when_restoring" time="0.003" /><testcase classname="tests.test_importers" name="test_converter_preserves_counts_aggregates_and_excludes" time="0.042" /><testcase classname="tests.test_importers" name="test_converter_rejects_bad_recipe_before_output[checksum]" time="0.003" /><testcase classname="tests.test_importers" name="test_converter_rejects_bad_recipe_before_output[missing_id]" time="0.003" /><testcase classname="tests.test_importers" name="test_converter_rejects_bad_recipe_before_output[missing_type]" time="0.003" /><testcase classname="tests.test_importers" name="test_converter_rejects_bad_recipe_before_output[empty_port]" time="0.003" /><testcase classname="tests.test_importers" name="test_explicit_inhibitory_policy_is_preserved" time="0.004" /><testcase classname="tests.test_olfaction" name="test_local_antenna_stimulus_only_drives_annotated_side" time="0.021" /><testcase classname="tests.test_olfaction" name="test_invalid_concentration_rejected[-1]" time="0.000" /><testcase classname="tests.test_olfaction" name="test_invalid_concentration_rejected[nan]" time="0.000" /><testcase classname="tests.test_olfaction" name="test_invalid_concentration_rejected[inf]" time="0.000" /><testcase classname="tests.test_olfaction" name="test_invalid_concentration_rejected[True]" time="0.000" /><testcase classname="tests.test_olfaction" name="test_response_bounded_and_monotone" time="0.000" /><testcase classname="tests.test_olfaction" name="test_world_field_uses_local_sample_and_is_mirror_symmetric" time="0.000" /><testcase classname="tests.test_olfaction" name="test_annotation_ids_preserved_and_unknown_side_never_guessed" time="0.000" /><testcase classname="tests.test_olfaction" name="test_incompatible_annotation_graph_fails_closed" time="0.000" /><testcase classname="tests.test_olfaction" name="test_source_drift_rejected_before_loading_ids" time="0.001" /><testcase classname="tests.test_open_api" name="test_selection_uses_annotations" time="0.001" /><testcase classname="tests.test_open_api" name="test_direct_drive_equals_named_input_and_supports_inhibition" time="0.010" /><testcase classname="tests.test_open_api" name="test_selected_observation_and_action_avoid_full_export" time="0.006" /><testcase classname="tests.test_open_api" name="test_arbitrary_readout_does_not_change_graph_and_restores" time="0.012" /><testcase classname="tests.test_open_api" name="test_model_supports_non_motor_channels_and_empty_readout" time="0.003" /><testcase classname="tests.test_open_api" name="test_silencing_cuts_path_and_release_restores_response" time="0.010" /><testcase classname="tests.test_open_api" name="test_previously_emitted_spike_survives_silencing" time="0.001" /><testcase classname="tests.test_open_api" name="test_direct_timing_rejects_ambiguous_intervals[0]" time="0.001" /><testcase classname="tests.test_open_api" name="test_direct_timing_rejects_ambiguous_intervals[-1]" time="0.001" /><testcase classname="tests.test_open_api" name="test_direct_timing_rejects_ambiguous_intervals[0.75]" time="0.001" /><testcase classname="tests.test_open_api" name="test_direct_timing_rejects_ambiguous_intervals[True]" time="0.001" /><testcase classname="tests.test_open_api" name="test_direct_timing_rejects_ambiguous_intervals[nan]" time="0.001" /><testcase classname="tests.test_open_api" name="test_invalid_selections_do_not_queue_inputs[sense.food]" time="0.000" /><testcase classname="tests.test_open_api" name="test_invalid_selections_do_not_queue_inputs[ids1]" time="0.001" /><testcase classname="tests.test_open_api" name="test_invalid_selections_do_not_queue_inputs[ids2]" time="0.001" /><testcase classname="tests.test_open_api" name="test_invalid_selections_do_not_queue_inputs[ids3]" time="0.001" /><testcase classname="tests.test_open_api" name="test_invalid_selections_do_not_queue_inputs[ids4]" time="0.001" /><testcase classname="tests.test_open_api" name="test_schema_one_checkpoint_still_loads" time="0.008" /><testcase classname="tests.test_open_api" name="test_schema_two_rejects_missing_dynamic_state[pending_currents]" time="0.002" /><testcase classname="tests.test_open_api" name="test_schema_two_rejects_missing_dynamic_state[readout]" time="0.002" /><testcase classname="tests.test_open_api" name="test_schema_two_rejects_missing_dynamic_state[silenced]" time="0.002" /><testcase classname="tests.test_projects" name="test_generated_project_runs_and_mapping_edits_change_output[toy-dodge]" time="0.608" /><testcase classname="tests.test_projects" name="test_generated_project_runs_and_mapping_edits_change_output[toy-tones]" time="0.541" /><testcase classname="tests.test_projects" name="test_generated_project_runs_and_mapping_edits_change_output[real-dodge]" time="2.931" /><testcase classname="tests.test_projects" name="test_generated_project_runs_and_mapping_edits_change_output[real-tones]" time="2.910" /><testcase classname="tests.test_projects" name="test_init_does_not_replace_existing_files" time="0.001" /><testcase classname="tests.test_projects" name="test_project_checks_model_identity" time="0.139" /><testcase classname="tests.test_projects" name="test_cli_preserves_catalog_and_reports_capabilities" time="0.044" /><testcase classname="tests.test_projects" name="test_cli_rejects_bad_frame_count_before_writing" time="0.004" /><testcase classname="tests.test_real_model" name="test_real_model_anatomy_and_raw_counts" time="0.030" /><testcase classname="tests.test_real_model" name="test_real_model_stimulation_and_recovery" time="0.229" /><testcase classname="tests.test_real_model" name="test_gf_edge_ablation_removes_output" time="0.111" /><testcase classname="tests.test_real_model" name="test_real_bundle_checkpoint_and_config" time="0.436" /><testcase classname="tests.test_real_model" name="test_corrupt_bundle_rejected" time="0.216" /><testcase classname="tests.test_reflex_training" name="test_labels_do_not_enter_features" time="0.000" /><testcase classname="tests.test_reflex_training" name="test_reward_changes_learned_action_without_changing_features" time="0.003" /><testcase classname="tests.test_registry" name="test_listing_never_downloads" time="0.001" /><testcase classname="tests.test_registry" name="test_builtin_fetch_and_load_offline" time="0.001" /><testcase classname="tests.test_registry" name="test_download_checksum_cache_and_corruption_recovery" time="0.002" /><testcase classname="tests.test_registry" name="test_bad_download_never_becomes_cached_asset[short-None]" time="0.001" /><testcase classname="tests.test_registry" name="test_bad_download_never_becomes_cached_asset[too much model data-None]" time="0.001" /><testcase classname="tests.test_registry" name="test_bad_download_never_becomes_cached_asset[model data-sha256:0000000000000000000000000000000000000000000000000000000000000000]" time="0.001" /><testcase classname="tests.test_registry" name="test_limit_and_asset_validation_before_network" time="0.001" /><testcase classname="tests.test_registry" name="test_model_catalog_is_detached" time="0.000" /><testcase classname="tests.test_registry" name="test_ready_model_opt_in_load_cache_and_integrity" time="0.003" /><testcase classname="tests.test_sensory" name="test_pulse_duration_rounds_up_and_overlaps_add" time="0.001" /><testcase classname="tests.test_sensory" name="test_unknown_channel_does_not_queue_input" time="0.000" /><testcase classname="tests.test_session" name="test_full_feedback_replay_and_midrun_restore[toy-dodge-from_snapshot]" time="0.180" /><testcase classname="tests.test_session" name="test_full_feedback_replay_and_midrun_restore[toy-tones-from_snapshot]" time="0.163" /><testcase classname="tests.test_session" name="test_full_feedback_replay_and_midrun_restore[model1-dodge-from_snapshot]" time="1.758" /><testcase classname="tests.test_session" name="test_full_feedback_replay_and_midrun_restore[model1-tones-from_snapshot]" time="1.674" /><testcase classname="tests.test_session" name="test_fractional_clock_has_no_accumulated_tick_loss" time="0.092" /><testcase classname="tests.test_session" name="test_snapshot_is_detached_and_checks_clock" time="0.003" /><testcase classname="tests.test_session" name="test_invalid_projection_does_not_queue_partial_current" time="0.001" /><testcase classname="tests.test_session" name="test_corrupted_recording_fails[&lt;lambda&gt;0]" time="0.005" /><testcase classname="tests.test_session" name="test_corrupted_recording_fails[&lt;lambda&gt;1]" time="0.005" /><testcase classname="tests.test_session" name="test_corrupted_recording_fails[&lt;lambda&gt;2]" time="0.007" /><testcase classname="tests.test_session" name="test_corrupted_recording_fails[&lt;lambda&gt;3]" time="0.004" /><testcase classname="tests.test_session" name="test_corrupted_recording_fails[&lt;lambda&gt;4]" time="0.004" /><testcase classname="tests.test_session" name="test_corrupted_recording_fails[&lt;lambda&gt;5]" time="0.004" /><testcase classname="tests.test_session" name="test_neural_step_budget_prevents_huge_recording" time="0.004" /><testcase classname="tests.test_session" name="test_audio_comes_from_neural_output_and_resumes_without_phase_reset" time="0.240" /><testcase classname="tests.test_session" name="test_audio_rejects_timestamp_corruption_before_writing" time="0.005" /><testcase classname="tests.test_session" name="test_requested_and_applied_actions_capture_wall_clipping" time="0.000" /><testcase classname="tests.test_session" name="test_restore_rejects_invalid_adapter_neuron_ids" time="0.001" /><testcase classname="tests.test_session" name="test_replay_viewer_escapes_recorded_text_and_omits_graph" time="0.003" /><testcase classname="tests.test_synaptic" name="test_exact_transmission_delay_and_sensory_input_schedule" time="0.001" /><testcase classname="tests.test_synaptic" name="test_synaptic_propagation_without_external_postsynaptic_current" time="0.035" /><testcase classname="tests.test_synaptic" name="test_inflight_delay_buffer_survives_json_checkpoint" time="0.011" /><testcase classname="tests.test_synaptic" name="test_checkpoint_rejects_other_graph_and_invalid_state_atomically" time="0.001" /><testcase classname="tests.test_synaptic" name="test_silencing_stops_new_spikes_but_preserves_already_queued_events" time="0.006" /><testcase classname="tests.test_synaptic" name="test_units_and_declared_inputs_cannot_be_silently_bypassed" time="0.001" /><testcase classname="tests.test_synaptic" name="test_nearly_equal_time_constants_approach_exact_equal_limit" time="0.025" /><testcase classname="tests.test_synaptic" name="test_invalid_dynamics_rejected[params0]" time="0.000" /><testcase classname="tests.test_synaptic" name="test_invalid_dynamics_rejected[params1]" time="0.000" /><testcase classname="tests.test_synaptic" name="test_invalid_dynamics_rejected[params2]" time="0.000" /><testcase classname="tests.test_synaptic" name="test_invalid_dynamics_rejected[params3]" time="0.000" /><testcase classname="tests.test_synaptic_cuda_hardware" name="test_cpu_cuda_and_cross_backend_delayed_checkpoint[config0]" time="0.329" /><testcase classname="tests.test_synaptic_cuda_hardware" name="test_cpu_cuda_and_cross_backend_delayed_checkpoint[config1]" time="0.313" /><testcase classname="tests.test_synaptic_cuda_hardware" name="test_cpu_cuda_and_cross_backend_delayed_checkpoint[config2]" time="0.305" /><testcase classname="tests.test_synaptic_cuda_hardware" name="test_cpu_cuda_and_cross_backend_delayed_checkpoint[config3]" time="0.314" /><testcase classname="tests.test_synaptic_cuda_hardware" name="test_silencing_queued_events_and_nonfinite_step_rollback" time="0.106" /><testcase classname="tests.test_synaptic_odor_protocol" name="test_controls_share_each_enabled_neurons_random_inputs" time="0.037" /><testcase classname="tests.test_synaptic_odor_protocol" name="test_input_rng_json_restore_replays_future_stimuli" time="0.001" /><testcase classname="tests.test_voxel_arena" name="test_food_cannot_steer_the_body_without_neural_commands" time="0.002" /><testcase classname="tests.test_voxel_arena" name="test_solid_blocks_stop_fast_body_without_tunneling" time="0.000" /><testcase classname="tests.test_voxel_arena" name="test_world_json_checkpoint_replays_odor_contacts_and_pose" time="0.006" /></testsuite></testsuites>